2016-11-03 21:12:22.768 [AWT-EventQueue-0] ERROR 449OGGER - generateNextFacturaNroFull
java.lang.NumberFormatException: For input string: "001-002-0000115"
	at java.lang.NumberFormatException.forInputString(NumberFormatException.java:65) ~[?:1.8.0_31]
	at java.lang.Integer.parseInt(Integer.java:580) ~[?:1.8.0_31]
	at java.lang.Integer.parseInt(Integer.java:615) ~[?:1.8.0_31]
	at com.parah.mg.utils.Utils.generateNextFacturaNroFull(Utils.java:446) [classes/:?]
	at com.parah.mg.frames.operaciones.egresos.FrameAutofacturacion.refresh(FrameAutofacturacion.java:467) [classes/:?]
	at com.parah.mg.frames.operaciones.egresos.FrameAutofacturacion.<init>(FrameAutofacturacion.java:93) [classes/:?]
	at com.parah.mg.frames.MdiFrame.mnuEgAutofacturasActionPerformed(MdiFrame.java:1282) [classes/:?]
	at com.parah.mg.frames.MdiFrame.access$1300(MdiFrame.java:82) [classes/:?]
	at com.parah.mg.frames.MdiFrame$14.actionPerformed(MdiFrame.java:509) [classes/:?]
	at javax.swing.AbstractButton.fireActionPerformed(AbstractButton.java:2022) [?:1.8.0_31]
	at javax.swing.AbstractButton$Handler.actionPerformed(AbstractButton.java:2346) [?:1.8.0_31]
	at javax.swing.DefaultButtonModel.fireActionPerformed(DefaultButtonModel.java:402) [?:1.8.0_31]
	at javax.swing.DefaultButtonModel.setPressed(DefaultButtonModel.java:259) [?:1.8.0_31]
	at javax.swing.AbstractButton.doClick(AbstractButton.java:376) [?:1.8.0_31]
	at javax.swing.plaf.basic.BasicMenuItemUI.doClick(BasicMenuItemUI.java:833) [?:1.8.0_31]
	at javax.swing.plaf.basic.BasicMenuItemUI$Handler.mouseReleased(BasicMenuItemUI.java:877) [?:1.8.0_31]
	at java.awt.Component.processMouseEvent(Component.java:6525) [?:1.8.0_31]
	at javax.swing.JComponent.processMouseEvent(JComponent.java:3322) [?:1.8.0_31]
	at java.awt.Component.processEvent(Component.java:6290) [?:1.8.0_31]
	at java.awt.Container.processEvent(Container.java:2234) [?:1.8.0_31]
	at java.awt.Component.dispatchEventImpl(Component.java:4881) [?:1.8.0_31]
	at java.awt.Container.dispatchEventImpl(Container.java:2292) [?:1.8.0_31]
	at java.awt.Component.dispatchEvent(Component.java:4703) [?:1.8.0_31]
	at java.awt.LightweightDispatcher.retargetMouseEvent(Container.java:4898) [?:1.8.0_31]
	at java.awt.LightweightDispatcher.processMouseEvent(Container.java:4533) [?:1.8.0_31]
	at java.awt.LightweightDispatcher.dispatchEvent(Container.java:4462) [?:1.8.0_31]
	at java.awt.Container.dispatchEventImpl(Container.java:2278) [?:1.8.0_31]
	at java.awt.Window.dispatchEventImpl(Window.java:2739) [?:1.8.0_31]
	at java.awt.Component.dispatchEvent(Component.java:4703) [?:1.8.0_31]
	at java.awt.EventQueue.dispatchEventImpl(EventQueue.java:751) [?:1.8.0_31]
	at java.awt.EventQueue.access$500(EventQueue.java:97) [?:1.8.0_31]
	at java.awt.EventQueue$3.run(EventQueue.java:702) [?:1.8.0_31]
	at java.awt.EventQueue$3.run(EventQueue.java:696) [?:1.8.0_31]
	at java.security.AccessController.doPrivileged(Native Method) ~[?:1.8.0_31]
	at java.security.ProtectionDomain$1.doIntersectionPrivilege(ProtectionDomain.java:75) [?:1.8.0_31]
	at java.security.ProtectionDomain$1.doIntersectionPrivilege(ProtectionDomain.java:86) [?:1.8.0_31]
	at java.awt.EventQueue$4.run(EventQueue.java:724) [?:1.8.0_31]
	at java.awt.EventQueue$4.run(EventQueue.java:722) [?:1.8.0_31]
	at java.security.AccessController.doPrivileged(Native Method) ~[?:1.8.0_31]
	at java.security.ProtectionDomain$1.doIntersectionPrivilege(ProtectionDomain.java:75) [?:1.8.0_31]
	at java.awt.EventQueue.dispatchEvent(EventQueue.java:721) [?:1.8.0_31]
	at java.awt.EventDispatchThread.pumpOneEventForFilters(EventDispatchThread.java:201) [?:1.8.0_31]
	at java.awt.EventDispatchThread.pumpEventsForFilter(EventDispatchThread.java:116) [?:1.8.0_31]
	at java.awt.EventDispatchThread.pumpEventsForHierarchy(EventDispatchThread.java:105) [?:1.8.0_31]
	at java.awt.EventDispatchThread.pumpEvents(EventDispatchThread.java:101) [?:1.8.0_31]
	at java.awt.EventDispatchThread.pumpEvents(EventDispatchThread.java:93) [?:1.8.0_31]
	at java.awt.EventDispatchThread.run(EventDispatchThread.java:82) [?:1.8.0_31]
2016-11-03 21:14:48.994 [AWT-EventQueue-0] ERROR 449OGGER - generateNextFacturaNroFull
java.lang.NumberFormatException: For input string: "001-002-0000115"
	at java.lang.NumberFormatException.forInputString(NumberFormatException.java:65) ~[?:1.8.0_31]
	at java.lang.Integer.parseInt(Integer.java:580) ~[?:1.8.0_31]
	at java.lang.Integer.parseInt(Integer.java:615) ~[?:1.8.0_31]
	at com.parah.mg.utils.Utils.generateNextFacturaNroFull(Utils.java:446) [classes/:?]
	at com.parah.mg.frames.operaciones.egresos.FrameAutofacturacion.refresh(FrameAutofacturacion.java:467) [classes/:?]
	at com.parah.mg.frames.operaciones.egresos.FrameAutofacturacion.imprimirButtonActionPerformed(FrameAutofacturacion.java:559) [classes/:?]
	at com.parah.mg.frames.operaciones.egresos.FrameAutofacturacion.access$300(FrameAutofacturacion.java:48) [classes/:?]
	at com.parah.mg.frames.operaciones.egresos.FrameAutofacturacion$FormListener.actionPerformed(FrameAutofacturacion.java:420) [classes/:?]
	at javax.swing.AbstractButton.fireActionPerformed(AbstractButton.java:2022) [?:1.8.0_31]
	at javax.swing.AbstractButton$Handler.actionPerformed(AbstractButton.java:2346) [?:1.8.0_31]
	at javax.swing.DefaultButtonModel.fireActionPerformed(DefaultButtonModel.java:402) [?:1.8.0_31]
	at javax.swing.DefaultButtonModel.setPressed(DefaultButtonModel.java:259) [?:1.8.0_31]
	at javax.swing.plaf.basic.BasicButtonListener.mouseReleased(BasicButtonListener.java:252) [?:1.8.0_31]
	at java.awt.Component.processMouseEvent(Component.java:6525) [?:1.8.0_31]
	at javax.swing.JComponent.processMouseEvent(JComponent.java:3322) [?:1.8.0_31]
	at java.awt.Component.processEvent(Component.java:6290) [?:1.8.0_31]
	at java.awt.Container.processEvent(Container.java:2234) [?:1.8.0_31]
	at java.awt.Component.dispatchEventImpl(Component.java:4881) [?:1.8.0_31]
	at java.awt.Container.dispatchEventImpl(Container.java:2292) [?:1.8.0_31]
	at java.awt.Component.dispatchEvent(Component.java:4703) [?:1.8.0_31]
	at java.awt.LightweightDispatcher.retargetMouseEvent(Container.java:4898) [?:1.8.0_31]
	at java.awt.LightweightDispatcher.processMouseEvent(Container.java:4533) [?:1.8.0_31]
	at java.awt.LightweightDispatcher.dispatchEvent(Container.java:4462) [?:1.8.0_31]
	at java.awt.Container.dispatchEventImpl(Container.java:2278) [?:1.8.0_31]
	at java.awt.Window.dispatchEventImpl(Window.java:2739) [?:1.8.0_31]
	at java.awt.Component.dispatchEvent(Component.java:4703) [?:1.8.0_31]
	at java.awt.EventQueue.dispatchEventImpl(EventQueue.java:751) [?:1.8.0_31]
	at java.awt.EventQueue.access$500(EventQueue.java:97) [?:1.8.0_31]
	at java.awt.EventQueue$3.run(EventQueue.java:702) [?:1.8.0_31]
	at java.awt.EventQueue$3.run(EventQueue.java:696) [?:1.8.0_31]
	at java.security.AccessController.doPrivileged(Native Method) ~[?:1.8.0_31]
	at java.security.ProtectionDomain$1.doIntersectionPrivilege(ProtectionDomain.java:75) [?:1.8.0_31]
	at java.security.ProtectionDomain$1.doIntersectionPrivilege(ProtectionDomain.java:86) [?:1.8.0_31]
	at java.awt.EventQueue$4.run(EventQueue.java:724) [?:1.8.0_31]
	at java.awt.EventQueue$4.run(EventQueue.java:722) [?:1.8.0_31]
	at java.security.AccessController.doPrivileged(Native Method) ~[?:1.8.0_31]
	at java.security.ProtectionDomain$1.doIntersectionPrivilege(ProtectionDomain.java:75) [?:1.8.0_31]
	at java.awt.EventQueue.dispatchEvent(EventQueue.java:721) [?:1.8.0_31]
	at java.awt.EventDispatchThread.pumpOneEventForFilters(EventDispatchThread.java:201) [?:1.8.0_31]
	at java.awt.EventDispatchThread.pumpEventsForFilter(EventDispatchThread.java:116) [?:1.8.0_31]
	at java.awt.EventDispatchThread.pumpEventsForHierarchy(EventDispatchThread.java:105) [?:1.8.0_31]
	at java.awt.EventDispatchThread.pumpEvents(EventDispatchThread.java:101) [?:1.8.0_31]
	at java.awt.EventDispatchThread.pumpEvents(EventDispatchThread.java:93) [?:1.8.0_31]
	at java.awt.EventDispatchThread.run(EventDispatchThread.java:82) [?:1.8.0_31]
2016-11-03 21:17:24.992 [AWT-EventQueue-0] ERROR 449OGGER - generateNextFacturaNroFull
java.lang.NumberFormatException: For input string: "001-002-0000115"
	at java.lang.NumberFormatException.forInputString(NumberFormatException.java:65) ~[?:1.8.0_31]
	at java.lang.Integer.parseInt(Integer.java:580) ~[?:1.8.0_31]
	at java.lang.Integer.parseInt(Integer.java:615) ~[?:1.8.0_31]
	at com.parah.mg.utils.Utils.generateNextFacturaNroFull(Utils.java:446) [classes/:?]
	at com.parah.mg.frames.operaciones.egresos.FrameAutofacturacion.refresh(FrameAutofacturacion.java:467) [classes/:?]
	at com.parah.mg.frames.operaciones.egresos.FrameAutofacturacion.imprimirButtonActionPerformed(FrameAutofacturacion.java:559) [classes/:?]
	at com.parah.mg.frames.operaciones.egresos.FrameAutofacturacion.access$300(FrameAutofacturacion.java:48) [classes/:?]
	at com.parah.mg.frames.operaciones.egresos.FrameAutofacturacion$FormListener.actionPerformed(FrameAutofacturacion.java:420) [classes/:?]
	at javax.swing.AbstractButton.fireActionPerformed(AbstractButton.java:2022) [?:1.8.0_31]
	at javax.swing.AbstractButton$Handler.actionPerformed(AbstractButton.java:2346) [?:1.8.0_31]
	at javax.swing.DefaultButtonModel.fireActionPerformed(DefaultButtonModel.java:402) [?:1.8.0_31]
	at javax.swing.DefaultButtonModel.setPressed(DefaultButtonModel.java:259) [?:1.8.0_31]
	at javax.swing.plaf.basic.BasicButtonListener.mouseReleased(BasicButtonListener.java:252) [?:1.8.0_31]
	at java.awt.Component.processMouseEvent(Component.java:6525) [?:1.8.0_31]
	at javax.swing.JComponent.processMouseEvent(JComponent.java:3322) [?:1.8.0_31]
	at java.awt.Component.processEvent(Component.java:6290) [?:1.8.0_31]
	at java.awt.Container.processEvent(Container.java:2234) [?:1.8.0_31]
	at java.awt.Component.dispatchEventImpl(Component.java:4881) [?:1.8.0_31]
	at java.awt.Container.dispatchEventImpl(Container.java:2292) [?:1.8.0_31]
	at java.awt.Component.dispatchEvent(Component.java:4703) [?:1.8.0_31]
	at java.awt.LightweightDispatcher.retargetMouseEvent(Container.java:4898) [?:1.8.0_31]
	at java.awt.LightweightDispatcher.processMouseEvent(Container.java:4533) [?:1.8.0_31]
	at java.awt.LightweightDispatcher.dispatchEvent(Container.java:4462) [?:1.8.0_31]
	at java.awt.Container.dispatchEventImpl(Container.java:2278) [?:1.8.0_31]
	at java.awt.Window.dispatchEventImpl(Window.java:2739) [?:1.8.0_31]
	at java.awt.Component.dispatchEvent(Component.java:4703) [?:1.8.0_31]
	at java.awt.EventQueue.dispatchEventImpl(EventQueue.java:751) [?:1.8.0_31]
	at java.awt.EventQueue.access$500(EventQueue.java:97) [?:1.8.0_31]
	at java.awt.EventQueue$3.run(EventQueue.java:702) [?:1.8.0_31]
	at java.awt.EventQueue$3.run(EventQueue.java:696) [?:1.8.0_31]
	at java.security.AccessController.doPrivileged(Native Method) ~[?:1.8.0_31]
	at java.security.ProtectionDomain$1.doIntersectionPrivilege(ProtectionDomain.java:75) [?:1.8.0_31]
	at java.security.ProtectionDomain$1.doIntersectionPrivilege(ProtectionDomain.java:86) [?:1.8.0_31]
	at java.awt.EventQueue$4.run(EventQueue.java:724) [?:1.8.0_31]
	at java.awt.EventQueue$4.run(EventQueue.java:722) [?:1.8.0_31]
	at java.security.AccessController.doPrivileged(Native Method) ~[?:1.8.0_31]
	at java.security.ProtectionDomain$1.doIntersectionPrivilege(ProtectionDomain.java:75) [?:1.8.0_31]
	at java.awt.EventQueue.dispatchEvent(EventQueue.java:721) [?:1.8.0_31]
	at java.awt.EventDispatchThread.pumpOneEventForFilters(EventDispatchThread.java:201) [?:1.8.0_31]
	at java.awt.EventDispatchThread.pumpEventsForFilter(EventDispatchThread.java:116) [?:1.8.0_31]
	at java.awt.EventDispatchThread.pumpEventsForHierarchy(EventDispatchThread.java:105) [?:1.8.0_31]
	at java.awt.EventDispatchThread.pumpEvents(EventDispatchThread.java:101) [?:1.8.0_31]
	at java.awt.EventDispatchThread.pumpEvents(EventDispatchThread.java:93) [?:1.8.0_31]
	at java.awt.EventDispatchThread.run(EventDispatchThread.java:82) [?:1.8.0_31]
